Input file read at: 2024-08-31 20:37:20
Error: Unknown character ''' at line 6, column 16
Error: Unknown character ''' at line 6, column 18
Error: Unknown character ''' at line 13, column 53
Error: Unknown character ''' at line 13, column 55
Error: Unknown character ''' at line 22, column 31
Error: Unknown character ''' at line 27, column 36
Error: Unknown character ''' at line 45, column 22
Error: Unknown character ''' at line 45, column 24
Error: Unknown character ''' at line 54, column 20
Error: Unknown character '\' at line 54, column 21
Error: Unknown character ''' at line 54, column 23
Error: Multiple decimal points in number at line 55, column 27
Error: Unknown character '.' at line 55, column 27
Error: Unterminated string at line 56, column 29
Lexical analysis completed in 0.013579 seconds
[display_tokens] Displaying tokens:
Token at line 1, columns 1-0: MathOperator: /
Token at line 1, columns 2-1: MathOperator: /
Token at line 1, columns 4-7: Identifier: This
Token at line 1, columns 9-10: Identifier: is
Token at line 1, columns 12-12: Identifier: a
Token at line 1, columns 14-19: Identifier: sample
Token at line 1, columns 21-25: Identifier: input
Token at line 1, columns 27-30: Identifier: file
Token at line 1, columns 32-34: Identifier: for
Token at line 1, columns 36-38: Identifier: the
Token at line 1, columns 40-45: Identifier: Bassil
Token at line 1, columns 47-54: Identifier: language
Token at line 1, columns 56-60: Identifier: lexer
Token at line 3, columns 1-0: MathOperator: /
Token at line 3, columns 2-1: MathOperator: /
Token at line 3, columns 4-8: Identifier: Basic
Token at line 3, columns 10-17: Identifier: variable
Token at line 3, columns 19-30: Identifier: declarations
Token at line 3, columns 32-34: Identifier: and
Token at line 3, columns 36-46: Identifier: assignments
Token at line 4, columns 1-3: TypeInteger: int
Token at line 4, columns 5-5: Identifier: x
Token at line 4, columns 7-6: EqualsSign: =
Token at line 4, columns 9-9: Integer: 5
Token at line 4, columns 10-9: Semicolon: ;
Token at line 5, columns 1-5: TypeFloat: float
Token at line 5, columns 7-8: Identifier: pi
Token at line 5, columns 10-9: EqualsSign: =
Token at line 5, columns 12-18: Float: 3.14159
Token at line 5, columns 19-18: Semicolon: ;
Token at line 6, columns 1-4: TypeChar: char
Token at line 6, columns 6-12: Identifier: initial
Token at line 6, columns 14-13: EqualsSign: =
Token at line 6, columns 16-15: Unknown: '
Token at line 6, columns 17-17: Identifier: A
Token at line 6, columns 18-17: Unknown: '
Token at line 6, columns 19-18: Semicolon: ;
Token at line 7, columns 1-6: TypeString: string
Token at line 7, columns 8-15: Identifier: greeting
Token at line 7, columns 17-16: EqualsSign: =
Token at line 7, columns 19-33: String: "Hello, World!"
Token at line 7, columns 34-33: Semicolon: ;
Token at line 9, columns 1-0: MathOperator: /
Token at line 9, columns 2-1: MathOperator: /
Token at line 9, columns 4-13: Identifier: Arithmetic
Token at line 9, columns 15-24: Identifier: operations
Token at line 10, columns 1-3: TypeInteger: int
Token at line 10, columns 5-10: Identifier: result
Token at line 10, columns 12-11: EqualsSign: =
Token at line 10, columns 14-13: OpenParen: (
Token at line 10, columns 15-16: Integer: 10
Token at line 10, columns 18-17: MathOperator: +
Token at line 10, columns 20-21: Integer: 20
Token at line 10, columns 22-21: CloseParen: )
Token at line 10, columns 24-23: MathOperator: *
Token at line 10, columns 26-26: Integer: 3
Token at line 10, columns 28-27: MathOperator: /
Token at line 10, columns 30-30: Integer: 2
Token at line 10, columns 32-31: MathOperator: -
Token at line 10, columns 34-34: Integer: 5
Token at line 10, columns 35-34: Semicolon: ;
Token at line 12, columns 1-0: MathOperator: /
Token at line 12, columns 2-1: MathOperator: /
Token at line 12, columns 4-10: Identifier: Logical
Token at line 12, columns 12-14: Identifier: and
Token at line 12, columns 16-25: Identifier: comparison
Token at line 12, columns 27-36: Identifier: operations
Token at line 13, columns 1-4: Identifier: bool
Token at line 13, columns 6-12: Identifier: isValid
Token at line 13, columns 14-13: EqualsSign: =
Token at line 13, columns 16-15: OpenParen: (
Token at line 13, columns 17-17: Identifier: x
Token at line 13, columns 19-18: ComparisonOperator: >
Token at line 13, columns 21-21: Integer: 0
Token at line 13, columns 22-21: CloseParen: )
Token at line 13, columns 24-23: LogicalOperator: &&
Token at line 13, columns 27-26: OpenParen: (
Token at line 13, columns 28-29: Identifier: pi
Token at line 13, columns 31-30: ComparisonOperator: <
Token at line 13, columns 33-35: Float: 4.0
Token at line 13, columns 36-35: CloseParen: )
Token at line 13, columns 38-37: LogicalOperator: ||
Token at line 13, columns 41-40: OpenParen: (
Token at line 13, columns 42-48: Identifier: initial
Token at line 13, columns 50-49: ComparisonOperator: !=
Token at line 13, columns 53-52: Unknown: '
Token at line 13, columns 54-54: Identifier: B
Token at line 13, columns 55-54: Unknown: '
Token at line 13, columns 56-55: CloseParen: )
Token at line 13, columns 57-56: Semicolon: ;
Token at line 15, columns 1-0: MathOperator: /
Token at line 15, columns 2-1: MathOperator: /
Token at line 15, columns 4-10: Identifier: Control
Token at line 15, columns 12-21: Identifier: structures
Token at line 15, columns 23-22: OpenParen: (
Token at line 15, columns 24-31: Identifier: assuming
Token at line 15, columns 33-36: Identifier: they
Token at line 15, columns 38-40: Identifier: are
Token at line 15, columns 42-45: Identifier: part
Token at line 15, columns 47-48: Identifier: of
Token at line 15, columns 50-52: Identifier: the
Token at line 15, columns 54-61: Identifier: language
Token at line 15, columns 62-61: CloseParen: )
Token at line 16, columns 1-2: Identifier: if
Token at line 16, columns 4-3: OpenParen: (
Token at line 16, columns 5-11: Identifier: isValid
Token at line 16, columns 12-11: CloseParen: )
Token at line 16, columns 14-13: OpenBrace: {
Token at line 17, columns 5-9: Identifier: print
Token at line 17, columns 10-9: OpenParen: (
Token at line 17, columns 11-33: String: "The condition is true"
Token at line 17, columns 34-33: CloseParen: )
Token at line 17, columns 35-34: Semicolon: ;
Token at line 18, columns 1-0: CloseBrace: }
Token at line 18, columns 3-6: Identifier: else
Token at line 18, columns 8-7: OpenBrace: {
Token at line 19, columns 5-9: Identifier: print
Token at line 19, columns 10-9: OpenParen: (
Token at line 19, columns 11-34: String: "The condition is false"
Token at line 19, columns 35-34: CloseParen: )
Token at line 19, columns 36-35: Semicolon: ;
Token at line 20, columns 1-0: CloseBrace: }
Token at line 22, columns 1-0: MathOperator: /
Token at line 22, columns 2-1: MathOperator: /
Token at line 22, columns 4-7: Identifier: Loop
Token at line 22, columns 9-17: Identifier: structure
Token at line 22, columns 19-18: OpenParen: (
Token at line 22, columns 20-27: Identifier: assuming
Token at line 22, columns 29-30: Identifier: it
Token at line 22, columns 31-30: Unknown: '
Token at line 22, columns 32-32: Identifier: s
Token at line 22, columns 34-37: Identifier: part
Token at line 22, columns 39-40: Identifier: of
Token at line 22, columns 42-44: Identifier: the
Token at line 22, columns 46-53: Identifier: language
Token at line 22, columns 54-53: CloseParen: )
Token at line 23, columns 1-3: Identifier: for
Token at line 23, columns 5-4: OpenParen: (
Token at line 23, columns 6-8: TypeInteger: int
Token at line 23, columns 10-10: Identifier: i
Token at line 23, columns 12-11: EqualsSign: =
Token at line 23, columns 14-14: Integer: 0
Token at line 23, columns 15-14: Semicolon: ;
Token at line 23, columns 17-17: Identifier: i
Token at line 23, columns 19-18: ComparisonOperator: <
Token at line 23, columns 21-22: Integer: 10
Token at line 23, columns 23-22: Semicolon: ;
Token at line 23, columns 25-25: Identifier: i
Token at line 23, columns 27-26: EqualsSign: =
Token at line 23, columns 29-29: Identifier: i
Token at line 23, columns 31-30: MathOperator: +
Token at line 23, columns 33-33: Integer: 1
Token at line 23, columns 34-33: CloseParen: )
Token at line 23, columns 36-35: OpenBrace: {
Token at line 24, columns 5-9: Identifier: print
Token at line 24, columns 10-9: OpenParen: (
Token at line 24, columns 11-11: Identifier: i
Token at line 24, columns 12-11: CloseParen: )
Token at line 24, columns 13-12: Semicolon: ;
Token at line 25, columns 1-0: CloseBrace: }
Token at line 27, columns 1-0: MathOperator: /
Token at line 27, columns 2-1: MathOperator: /
Token at line 27, columns 4-11: Identifier: Function
Token at line 27, columns 13-22: Identifier: definition
Token at line 27, columns 24-23: OpenParen: (
Token at line 27, columns 25-32: Identifier: assuming
Token at line 27, columns 34-35: Identifier: it
Token at line 27, columns 36-35: Unknown: '
Token at line 27, columns 37-37: Identifier: s
Token at line 27, columns 39-42: Identifier: part
Token at line 27, columns 44-45: Identifier: of
Token at line 27, columns 47-49: Identifier: the
Token at line 27, columns 51-58: Identifier: language
Token at line 27, columns 59-58: CloseParen: )
Token at line 28, columns 1-8: Identifier: function
Token at line 28, columns 10-12: TypeInteger: int
Token at line 28, columns 14-22: Identifier: factorial
Token at line 28, columns 23-22: OpenParen: (
Token at line 28, columns 24-26: TypeInteger: int
Token at line 28, columns 28-28: Identifier: n
Token at line 28, columns 29-28: CloseParen: )
Token at line 28, columns 31-30: OpenBrace: {
Token at line 29, columns 5-6: Identifier: if
Token at line 29, columns 8-7: OpenParen: (
Token at line 29, columns 9-9: Identifier: n
Token at line 29, columns 11-10: ComparisonOperator: <=
Token at line 29, columns 14-14: Integer: 1
Token at line 29, columns 15-14: CloseParen: )
Token at line 29, columns 17-22: Identifier: return
Token at line 29, columns 24-24: Integer: 1
Token at line 29, columns 25-24: Semicolon: ;
Token at line 30, columns 5-10: Identifier: return
Token at line 30, columns 12-12: Identifier: n
Token at line 30, columns 14-13: MathOperator: *
Token at line 30, columns 16-24: Identifier: factorial
Token at line 30, columns 25-24: OpenParen: (
Token at line 30, columns 26-26: Identifier: n
Token at line 30, columns 28-27: MathOperator: -
Token at line 30, columns 30-30: Integer: 1
Token at line 30, columns 31-30: CloseParen: )
Token at line 30, columns 32-31: Semicolon: ;
Token at line 31, columns 1-0: CloseBrace: }
Token at line 33, columns 1-0: MathOperator: /
Token at line 33, columns 2-1: MathOperator: /
Token at line 33, columns 4-10: Identifier: Testing
Token at line 33, columns 12-17: TypeString: string
Token at line 33, columns 19-22: Identifier: with
Token at line 33, columns 24-30: Identifier: escaped
Token at line 33, columns 32-41: Identifier: characters
Token at line 34, columns 1-6: TypeString: string
Token at line 34, columns 8-20: Identifier: specialString
Token at line 34, columns 22-21: EqualsSign: =
Token at line 34, columns 24-78: String: "This string has \"quotes\" and a newline\nand a tab\t"
Token at line 34, columns 79-78: Semicolon: ;
Token at line 36, columns 1-0: MathOperator: /
Token at line 36, columns 2-1: MathOperator: /
Token at line 36, columns 4-10: Identifier: Testing
Token at line 36, columns 12-18: Identifier: numbers
Token at line 37, columns 1-3: TypeInteger: int
Token at line 37, columns 5-15: Identifier: largeNumber
Token at line 37, columns 17-16: EqualsSign: =
Token at line 37, columns 19-25: Integer: 1000000
Token at line 37, columns 26-25: Semicolon: ;
Token at line 38, columns 1-5: TypeFloat: float
Token at line 38, columns 7-16: Identifier: smallFloat
Token at line 38, columns 18-17: EqualsSign: =
Token at line 38, columns 20-26: Float: 0.00001
Token at line 38, columns 27-26: Semicolon: ;
Token at line 39, columns 1-3: TypeInteger: int
Token at line 39, columns 5-18: Identifier: negativeNumber
Token at line 39, columns 20-19: EqualsSign: =
Token at line 39, columns 22-21: MathOperator: -
Token at line 39, columns 23-24: Integer: 42
Token at line 39, columns 25-24: Semicolon: ;
Token at line 41, columns 1-0: MathOperator: /
Token at line 41, columns 2-1: MathOperator: /
Token at line 41, columns 4-10: Identifier: Testing
Token at line 41, columns 12-22: Identifier: identifiers
Token at line 42, columns 1-3: TypeInteger: int
Token at line 42, columns 5-16: Identifier: camelCaseVar
Token at line 42, columns 18-17: EqualsSign: =
Token at line 42, columns 20-21: Integer: 10
Token at line 42, columns 22-21: Semicolon: ;
Token at line 43, columns 1-6: TypeString: string
Token at line 43, columns 8-21: Identifier: snake_case_var
Token at line 43, columns 23-22: EqualsSign: =
Token at line 43, columns 25-31: String: "Snake"
Token at line 43, columns 32-31: Semicolon: ;
Token at line 44, columns 1-5: TypeFloat: float
Token at line 44, columns 7-25: Identifier: _leading_underscore
Token at line 44, columns 27-26: EqualsSign: =
Token at line 44, columns 29-31: Float: 1.5
Token at line 44, columns 32-31: Semicolon: ;
Token at line 45, columns 1-4: TypeChar: char
Token at line 45, columns 6-18: Identifier: identifier123
Token at line 45, columns 20-19: EqualsSign: =
Token at line 45, columns 22-21: Unknown: '
Token at line 45, columns 23-23: Identifier: X
Token at line 45, columns 24-23: Unknown: '
Token at line 45, columns 25-24: Semicolon: ;
Token at line 47, columns 1-0: MathOperator: /
Token at line 47, columns 2-1: MathOperator: /
Token at line 47, columns 4-10: Identifier: Testing
Token at line 47, columns 12-20: Identifier: operators
Token at line 48, columns 1-3: TypeInteger: int
Token at line 48, columns 5-5: Identifier: a
Token at line 48, columns 7-6: EqualsSign: =
Token at line 48, columns 9-9: Integer: 5
Token at line 48, columns 10-9: Semicolon: ;
Token at line 49, columns 1-3: TypeInteger: int
Token at line 49, columns 5-5: Identifier: b
Token at line 49, columns 7-6: EqualsSign: =
Token at line 49, columns 9-9: Integer: 3
Token at line 49, columns 10-9: Semicolon: ;
Token at line 50, columns 1-4: Identifier: bool
Token at line 50, columns 6-16: Identifier: logicalTest
Token at line 50, columns 18-17: EqualsSign: =
Token at line 50, columns 20-19: OpenParen: (
Token at line 50, columns 21-21: Identifier: a
Token at line 50, columns 23-22: ComparisonOperator: >
Token at line 50, columns 25-25: Identifier: b
Token at line 50, columns 26-25: CloseParen: )
Token at line 50, columns 28-27: LogicalOperator: &&
Token at line 50, columns 31-30: OpenParen: (
Token at line 50, columns 32-32: Identifier: a
Token at line 50, columns 34-33: ComparisonOperator: !=
Token at line 50, columns 37-37: Identifier: b
Token at line 50, columns 38-37: CloseParen: )
Token at line 50, columns 40-39: LogicalOperator: ||
Token at line 50, columns 43-42: OpenParen: (
Token at line 50, columns 44-44: Identifier: b
Token at line 50, columns 46-45: ComparisonOperator: <=
Token at line 50, columns 49-49: Identifier: a
Token at line 50, columns 50-49: CloseParen: )
Token at line 50, columns 51-50: Semicolon: ;
Token at line 52, columns 1-0: MathOperator: /
Token at line 52, columns 2-1: MathOperator: /
Token at line 52, columns 4-7: Identifier: Edge
Token at line 52, columns 9-13: Identifier: cases
Token at line 52, columns 15-17: Identifier: and
Token at line 52, columns 19-27: Identifier: potential
Token at line 52, columns 29-38: Identifier: challenges
Token at line 53, columns 1-6: TypeString: string
Token at line 53, columns 8-18: Identifier: emptyString
Token at line 53, columns 20-19: EqualsSign: =
Token at line 53, columns 22-23: String: ""
Token at line 53, columns 24-23: Semicolon: ;
Token at line 54, columns 1-4: TypeChar: char
Token at line 54, columns 6-16: Identifier: newlineChar
Token at line 54, columns 18-17: EqualsSign: =
Token at line 54, columns 20-19: Unknown: '
Token at line 54, columns 21-20: Unknown: \
Token at line 54, columns 22-22: Identifier: n
Token at line 54, columns 23-22: Unknown: '
Token at line 54, columns 24-23: Semicolon: ;
Token at line 55, columns 1-5: TypeFloat: float
Token at line 55, columns 7-19: Identifier: invalidNumber
Token at line 55, columns 21-20: EqualsSign: =
Token at line 55, columns 23-26: Float: 3.14
Token at line 55, columns 27-26: Unknown: .
Token at line 55, columns 28-29: Integer: 15
Token at line 55, columns 30-29: Semicolon: ;
Token at line 55, columns 33-32: MathOperator: /
Token at line 55, columns 34-33: MathOperator: /
Token at line 55, columns 36-39: Identifier: This
Token at line 55, columns 41-46: Identifier: should
Token at line 55, columns 48-55: Identifier: probably
Token at line 55, columns 57-58: Identifier: be
Token at line 55, columns 60-66: Identifier: flagged
Token at line 55, columns 68-69: Identifier: as
Token at line 55, columns 71-72: Identifier: an
Token at line 55, columns 74-78: Identifier: error
Token at line 56, columns 1-6: TypeString: string
Token at line 56, columns 8-25: Identifier: unterminatedString
Token at line 56, columns 27-26: EqualsSign: =
[save_tokens] Saving tokens:
[save_tokens] Successfully opened file.
[save_tokens] Writing token to file:
[save_tokens] Finished writing token to file.
[save_tokens] Writing token to file:
[save_tokens] Finished writing token to file.
[save_tokens] Writing token to file:
[save_tokens] Finished writing token to file.
[save_tokens] Writing token to file:
[save_tokens] Finished writing token to file.
[save_tokens] Writing token to file:
[save_tokens] Finished writing token to file.
[save_tokens] Writing token to file:
[save_tokens] Finished writing token to file.
[save_tokens] Writing token to file:
[save_tokens] Finished writing token to file.
[save_tokens] Writing token to file:
[save_tokens] Finished writing token to file.
[save_tokens] Writing token to file:
[save_tokens] Finished writing token to file.
[save_tokens] Writing token to file:
[save_tokens] Finished writing token to file.
[save_tokens] Writing token to file:
[save_tokens] Finished writing token to file.
[save_tokens] Writing token to file:
[save_tokens] Finished writing token to file.
[save_tokens] Writing token to file:
[save_tokens] Finished writing token to file.
[save_tokens] Writing token to file:
[save_tokens] Finished writing token to file.
[save_tokens] Writing token to file:
[save_tokens] Finished writing token to file.
[save_tokens] Writing token to file:
[save_tokens] Finished writing token to file.
[save_tokens] Writing token to file:
[save_tokens] Finished writing token to file.
[save_tokens] Writing token to file:
[save_tokens] Finished writing token to file.
[save_tokens] Writing token to file:
[save_tokens] Finished writing token to file.
[save_tokens] Writing token to file:
[save_tokens] Finished writing token to file.
[save_tokens] Writing token to file:
[save_tokens] Finished writing token to file.
[save_tokens] Writing token to file:
[save_tokens] Finished writing token to file.
[save_tokens] Writing token to file:
[save_tokens] Finished writing token to file.
[save_tokens] Writing token to file:
[save_tokens] Finished writing token to file.
[save_tokens] Writing token to file:
[save_tokens] Finished writing token to file.
[save_tokens] Writing token to file:
[save_tokens] Finished writing token to file.
[save_tokens] Writing token to file:
[save_tokens] Finished writing token to file.
[save_tokens] Writing token to file:
[save_tokens] Finished writing token to file.
[save_tokens] Writing token to file:
[save_tokens] Finished writing token to file.
[save_tokens] Writing token to file:
[save_tokens] Finished writing token to file.
[save_tokens] Writing token to file:
[save_tokens] Finished writing token to file.
[save_tokens] Writing token to file:
[save_tokens] Finished writing token to file.
[save_tokens] Writing token to file:
[save_tokens] Finished writing token to file.
[save_tokens] Writing token to file:
[save_tokens] Finished writing token to file.
[save_tokens] Writing token to file:
[save_tokens] Finished writing token to file.
[save_tokens] Writing token to file:
[save_tokens] Finished writing token to file.
[save_tokens] Writing token to file:
[save_tokens] Finished writing token to file.
[save_tokens] Writing token to file:
[save_tokens] Finished writing token to file.
[save_tokens] Writing token to file:
[save_tokens] Finished writing token to file.
[save_tokens] Writing token to file:
[save_tokens] Finished writing token to file.
[save_tokens] Writing token to file:
[save_tokens] Finished writing token to file.
[save_tokens] Writing token to file:
[save_tokens] Finished writing token to file.
[save_tokens] Writing token to file:
[save_tokens] Finished writing token to file.
[save_tokens] Writing token to file:
[save_tokens] Finished writing token to file.
[save_tokens] Writing token to file:
[save_tokens] Finished writing token to file.
[save_tokens] Writing token to file:
[save_tokens] Finished writing token to file.
[save_tokens] Writing token to file:
[save_tokens] Finished writing token to file.
[save_tokens] Writing token to file:
[save_tokens] Finished writing token to file.
[save_tokens] Writing token to file:
[save_tokens] Finished writing token to file.
[save_tokens] Writing token to file:
[save_tokens] Finished writing token to file.
[save_tokens] Writing token to file:
[save_tokens] Finished writing token to file.
[save_tokens] Writing token to file:
[save_tokens] Finished writing token to file.
[save_tokens] Writing token to file:
[save_tokens] Finished writing token to file.
[save_tokens] Writing token to file:
[save_tokens] Finished writing token to file.
[save_tokens] Writing token to file:
[save_tokens] Finished writing token to file.
[save_tokens] Writing token to file:
[save_tokens] Finished writing token to file.
[save_tokens] Writing token to file:
[save_tokens] Finished writing token to file.
[save_tokens] Writing token to file:
[save_tokens] Finished writing token to file.
[save_tokens] Writing token to file:
[save_tokens] Finished writing token to file.
[save_tokens] Writing token to file:
[save_tokens] Finished writing token to file.
[save_tokens] Writing token to file:
[save_tokens] Finished writing token to file.
[save_tokens] Writing token to file:
[save_tokens] Finished writing token to file.
[save_tokens] Writing token to file:
[save_tokens] Finished writing token to file.
[save_tokens] Writing token to file:
[save_tokens] Finished writing token to file.
[save_tokens] Writing token to file:
[save_tokens] Finished writing token to file.
[save_tokens] Writing token to file:
[save_tokens] Finished writing token to file.
[save_tokens] Writing token to file:
[save_tokens] Finished writing token to file.
[save_tokens] Writing token to file:
[save_tokens] Finished writing token to file.
[save_tokens] Writing token to file:
[save_tokens] Finished writing token to file.
[save_tokens] Writing token to file:
[save_tokens] Finished writing token to file.
[save_tokens] Writing token to file:
[save_tokens] Finished writing token to file.
[save_tokens] Writing token to file:
[save_tokens] Finished writing token to file.
[save_tokens] Writing token to file:
[save_tokens] Finished writing token to file.
[save_tokens] Writing token to file:
[save_tokens] Finished writing token to file.
[save_tokens] Writing token to file:
[save_tokens] Finished writing token to file.
[save_tokens] Writing token to file:
[save_tokens] Finished writing token to file.
[save_tokens] Writing token to file:
[save_tokens] Finished writing token to file.
[save_tokens] Writing token to file:
[save_tokens] Finished writing token to file.
[save_tokens] Writing token to file:
[save_tokens] Finished writing token to file.
[save_tokens] Writing token to file:
[save_tokens] Finished writing token to file.
[save_tokens] Writing token to file:
[save_tokens] Finished writing token to file.
[save_tokens] Writing token to file:
[save_tokens] Finished writing token to file.
[save_tokens] Writing token to file:
[save_tokens] Finished writing token to file.
[save_tokens] Writing token to file:
[save_tokens] Finished writing token to file.
[save_tokens] Writing token to file:
[save_tokens] Finished writing token to file.
[save_tokens] Writing token to file:
[save_tokens] Finished writing token to file.
[save_tokens] Writing token to file:
[save_tokens] Finished writing token to file.
[save_tokens] Writing token to file:
[save_tokens] Finished writing token to file.
[save_tokens] Writing token to file:
[save_tokens] Finished writing token to file.
[save_tokens] Writing token to file:
[save_tokens] Finished writing token to file.
[save_tokens] Writing token to file:
[save_tokens] Finished writing token to file.
[save_tokens] Writing token to file:
[save_tokens] Finished writing token to file.
[save_tokens] Writing token to file:
[save_tokens] Finished writing token to file.
[save_tokens] Writing token to file:
[save_tokens] Finished writing token to file.
[save_tokens] Writing token to file:
[save_tokens] Finished writing token to file.
[save_tokens] Writing token to file:
[save_tokens] Finished writing token to file.
[save_tokens] Writing token to file:
[save_tokens] Finished writing token to file.
[save_tokens] Writing token to file:
[save_tokens] Finished writing token to file.
[save_tokens] Writing token to file:
[save_tokens] Finished writing token to file.
[save_tokens] Writing token to file:
[save_tokens] Finished writing token to file.
[save_tokens] Writing token to file:
[save_tokens] Finished writing token to file.
[save_tokens] Writing token to file:
[save_tokens] Finished writing token to file.
[save_tokens] Writing token to file:
[save_tokens] Finished writing token to file.
[save_tokens] Writing token to file:
[save_tokens] Finished writing token to file.
[save_tokens] Writing token to file:
[save_tokens] Finished writing token to file.
[save_tokens] Writing token to file:
[save_tokens] Finished writing token to file.
[save_tokens] Writing token to file:
[save_tokens] Finished writing token to file.
[save_tokens] Writing token to file:
[save_tokens] Finished writing token to file.
[save_tokens] Writing token to file:
[save_tokens] Finished writing token to file.
[save_tokens] Writing token to file:
[save_tokens] Finished writing token to file.
[save_tokens] Writing token to file:
[save_tokens] Finished writing token to file.
[save_tokens] Writing token to file:
[save_tokens] Finished writing token to file.
[save_tokens] Writing token to file:
[save_tokens] Finished writing token to file.
[save_tokens] Writing token to file:
[save_tokens] Finished writing token to file.
[save_tokens] Writing token to file:
[save_tokens] Finished writing token to file.
[save_tokens] Writing token to file:
[save_tokens] Finished writing token to file.
[save_tokens] Writing token to file:
[save_tokens] Finished writing token to file.
[save_tokens] Writing token to file:
[save_tokens] Finished writing token to file.
[save_tokens] Writing token to file:
[save_tokens] Finished writing token to file.
[save_tokens] Writing token to file:
[save_tokens] Finished writing token to file.
[save_tokens] Writing token to file:
[save_tokens] Finished writing token to file.
[save_tokens] Writing token to file:
[save_tokens] Finished writing token to file.
[save_tokens] Writing token to file:
[save_tokens] Finished writing token to file.
[save_tokens] Writing token to file:
[save_tokens] Finished writing token to file.
[save_tokens] Writing token to file:
[save_tokens] Finished writing token to file.
[save_tokens] Writing token to file:
[save_tokens] Finished writing token to file.
[save_tokens] Writing token to file:
[save_tokens] Finished writing token to file.
[save_tokens] Writing token to file:
[save_tokens] Finished writing token to file.
[save_tokens] Writing token to file:
[save_tokens] Finished writing token to file.
[save_tokens] Writing token to file:
[save_tokens] Finished writing token to file.
[save_tokens] Writing token to file:
[save_tokens] Finished writing token to file.
[save_tokens] Writing token to file:
[save_tokens] Finished writing token to file.
[save_tokens] Writing token to file:
[save_tokens] Finished writing token to file.
[save_tokens] Writing token to file:
[save_tokens] Finished writing token to file.
[save_tokens] Writing token to file:
[save_tokens] Finished writing token to file.
[save_tokens] Writing token to file:
[save_tokens] Finished writing token to file.
[save_tokens] Writing token to file:
[save_tokens] Finished writing token to file.
[save_tokens] Writing token to file:
[save_tokens] Finished writing token to file.
[save_tokens] Writing token to file:
[save_tokens] Finished writing token to file.
[save_tokens] Writing token to file:
[save_tokens] Finished writing token to file.
[save_tokens] Writing token to file:
[save_tokens] Finished writing token to file.
[save_tokens] Writing token to file:
[save_tokens] Finished writing token to file.
[save_tokens] Writing token to file:
[save_tokens] Finished writing token to file.
[save_tokens] Writing token to file:
[save_tokens] Finished writing token to file.
[save_tokens] Writing token to file:
[save_tokens] Finished writing token to file.
[save_tokens] Writing token to file:
[save_tokens] Finished writing token to file.
[save_tokens] Writing token to file:
[save_tokens] Finished writing token to file.
[save_tokens] Writing token to file:
[save_tokens] Finished writing token to file.
[save_tokens] Writing token to file:
[save_tokens] Finished writing token to file.
[save_tokens] Writing token to file:
[save_tokens] Finished writing token to file.
[save_tokens] Writing token to file:
[save_tokens] Finished writing token to file.
[save_tokens] Writing token to file:
[save_tokens] Finished writing token to file.
[save_tokens] Writing token to file:
[save_tokens] Finished writing token to file.
[save_tokens] Writing token to file:
[save_tokens] Finished writing token to file.
[save_tokens] Writing token to file:
[save_tokens] Finished writing token to file.
[save_tokens] Writing token to file:
[save_tokens] Finished writing token to file.
[save_tokens] Writing token to file:
[save_tokens] Finished writing token to file.
[save_tokens] Writing token to file:
[save_tokens] Finished writing token to file.
[save_tokens] Writing token to file:
[save_tokens] Finished writing token to file.
[save_tokens] Writing token to file:
[save_tokens] Finished writing token to file.
[save_tokens] Writing token to file:
[save_tokens] Finished writing token to file.
[save_tokens] Writing token to file:
[save_tokens] Finished writing token to file.
[save_tokens] Writing token to file:
[save_tokens] Finished writing token to file.
[save_tokens] Writing token to file:
[save_tokens] Finished writing token to file.
[save_tokens] Writing token to file:
[save_tokens] Finished writing token to file.
[save_tokens] Writing token to file:
[save_tokens] Finished writing token to file.
[save_tokens] Writing token to file:
[save_tokens] Finished writing token to file.
[save_tokens] Writing token to file:
[save_tokens] Finished writing token to file.
[save_tokens] Writing token to file:
[save_tokens] Finished writing token to file.
[save_tokens] Writing token to file:
[save_tokens] Finished writing token to file.
[save_tokens] Writing token to file:
[save_tokens] Finished writing token to file.
[save_tokens] Writing token to file:
[save_tokens] Finished writing token to file.
[save_tokens] Writing token to file:
[save_tokens] Finished writing token to file.
[save_tokens] Writing token to file:
[save_tokens] Finished writing token to file.
[save_tokens] Writing token to file:
[save_tokens] Finished writing token to file.
[save_tokens] Writing token to file:
[save_tokens] Finished writing token to file.
[save_tokens] Writing token to file:
[save_tokens] Finished writing token to file.
[save_tokens] Writing token to file:
[save_tokens] Finished writing token to file.
[save_tokens] Writing token to file:
[save_tokens] Finished writing token to file.
[save_tokens] Writing token to file:
[save_tokens] Finished writing token to file.
[save_tokens] Writing token to file:
[save_tokens] Finished writing token to file.
[save_tokens] Writing token to file:
[save_tokens] Finished writing token to file.
[save_tokens] Writing token to file:
[save_tokens] Finished writing token to file.
[save_tokens] Writing token to file:
[save_tokens] Finished writing token to file.
[save_tokens] Writing token to file:
[save_tokens] Finished writing token to file.
[save_tokens] Writing token to file:
[save_tokens] Finished writing token to file.
[save_tokens] Writing token to file:
[save_tokens] Finished writing token to file.
[save_tokens] Writing token to file:
[save_tokens] Finished writing token to file.
[save_tokens] Writing token to file:
[save_tokens] Finished writing token to file.
[save_tokens] Writing token to file:
[save_tokens] Finished writing token to file.
[save_tokens] Writing token to file:
[save_tokens] Finished writing token to file.
[save_tokens] Writing token to file:
[save_tokens] Finished writing token to file.
[save_tokens] Writing token to file:
[save_tokens] Finished writing token to file.
[save_tokens] Writing token to file:
[save_tokens] Finished writing token to file.
[save_tokens] Writing token to file:
[save_tokens] Finished writing token to file.
[save_tokens] Writing token to file:
[save_tokens] Finished writing token to file.
[save_tokens] Writing token to file:
[save_tokens] Finished writing token to file.
[save_tokens] Writing token to file:
[save_tokens] Finished writing token to file.
[save_tokens] Writing token to file:
[save_tokens] Finished writing token to file.
[save_tokens] Writing token to file:
[save_tokens] Finished writing token to file.
[save_tokens] Writing token to file:
[save_tokens] Finished writing token to file.
[save_tokens] Writing token to file:
[save_tokens] Finished writing token to file.
[save_tokens] Writing token to file:
[save_tokens] Finished writing token to file.
[save_tokens] Writing token to file:
[save_tokens] Finished writing token to file.
[save_tokens] Writing token to file:
[save_tokens] Finished writing token to file.
[save_tokens] Writing token to file:
[save_tokens] Finished writing token to file.
[save_tokens] Writing token to file:
[save_tokens] Finished writing token to file.
[save_tokens] Writing token to file:
[save_tokens] Finished writing token to file.
[save_tokens] Writing token to file:
[save_tokens] Finished writing token to file.
[save_tokens] Writing token to file:
[save_tokens] Finished writing token to file.
[save_tokens] Writing token to file:
[save_tokens] Finished writing token to file.
[save_tokens] Writing token to file:
[save_tokens] Finished writing token to file.
[save_tokens] Writing token to file:
[save_tokens] Finished writing token to file.
[save_tokens] Writing token to file:
[save_tokens] Finished writing token to file.
[save_tokens] Writing token to file:
[save_tokens] Finished writing token to file.
[save_tokens] Writing token to file:
[save_tokens] Finished writing token to file.
[save_tokens] Writing token to file:
[save_tokens] Finished writing token to file.
[save_tokens] Writing token to file:
[save_tokens] Finished writing token to file.
[save_tokens] Writing token to file:
[save_tokens] Finished writing token to file.
[save_tokens] Writing token to file:
[save_tokens] Finished writing token to file.
[save_tokens] Writing token to file:
[save_tokens] Finished writing token to file.
[save_tokens] Writing token to file:
[save_tokens] Finished writing token to file.
[save_tokens] Writing token to file:
[save_tokens] Finished writing token to file.
[save_tokens] Writing token to file:
[save_tokens] Finished writing token to file.
[save_tokens] Writing token to file:
[save_tokens] Finished writing token to file.
[save_tokens] Writing token to file:
[save_tokens] Finished writing token to file.
[save_tokens] Writing token to file:
[save_tokens] Finished writing token to file.
[save_tokens] Writing token to file:
[save_tokens] Finished writing token to file.
[save_tokens] Writing token to file:
[save_tokens] Finished writing token to file.
[save_tokens] Writing token to file:
[save_tokens] Finished writing token to file.
[save_tokens] Writing token to file:
[save_tokens] Finished writing token to file.
[save_tokens] Writing token to file:
[save_tokens] Finished writing token to file.
[save_tokens] Writing token to file:
[save_tokens] Finished writing token to file.
[save_tokens] Writing token to file:
[save_tokens] Finished writing token to file.
[save_tokens] Writing token to file:
[save_tokens] Finished writing token to file.
[save_tokens] Writing token to file:
[save_tokens] Finished writing token to file.
[save_tokens] Writing token to file:
[save_tokens] Finished writing token to file.
[save_tokens] Writing token to file:
[save_tokens] Finished writing token to file.
[save_tokens] Writing token to file:
[save_tokens] Finished writing token to file.
[save_tokens] Writing token to file:
[save_tokens] Finished writing token to file.
[save_tokens] Writing token to file:
[save_tokens] Finished writing token to file.
[save_tokens] Writing token to file:
[save_tokens] Finished writing token to file.
[save_tokens] Writing token to file:
[save_tokens] Finished writing token to file.
[save_tokens] Writing token to file:
[save_tokens] Finished writing token to file.
[save_tokens] Writing token to file:
[save_tokens] Finished writing token to file.
[save_tokens] Writing token to file:
[save_tokens] Finished writing token to file.
[save_tokens] Writing token to file:
[save_tokens] Finished writing token to file.
[save_tokens] Writing token to file:
[save_tokens] Finished writing token to file.
[save_tokens] Writing token to file:
[save_tokens] Finished writing token to file.
[save_tokens] Writing token to file:
[save_tokens] Finished writing token to file.
[save_tokens] Writing token to file:
[save_tokens] Finished writing token to file.
[save_tokens] Writing token to file:
[save_tokens] Finished writing token to file.
[save_tokens] Writing token to file:
[save_tokens] Finished writing token to file.
[save_tokens] Writing token to file:
[save_tokens] Finished writing token to file.
[save_tokens] Writing token to file:
[save_tokens] Finished writing token to file.
[save_tokens] Writing token to file:
[save_tokens] Finished writing token to file.
[save_tokens] Writing token to file:
[save_tokens] Finished writing token to file.
[save_tokens] Writing token to file:
[save_tokens] Finished writing token to file.
[save_tokens] Writing token to file:
[save_tokens] Finished writing token to file.
[save_tokens] Writing token to file:
[save_tokens] Finished writing token to file.
[save_tokens] Writing token to file:
[save_tokens] Finished writing token to file.
[save_tokens] Writing token to file:
[save_tokens] Finished writing token to file.
[save_tokens] Writing token to file:
[save_tokens] Finished writing token to file.
[save_tokens] Writing token to file:
[save_tokens] Finished writing token to file.
[save_tokens] Writing token to file:
[save_tokens] Finished writing token to file.
[save_tokens] Writing token to file:
[save_tokens] Finished writing token to file.
[save_tokens] Writing token to file:
[save_tokens] Finished writing token to file.
[save_tokens] Writing token to file:
[save_tokens] Finished writing token to file.
[save_tokens] Writing token to file:
[save_tokens] Finished writing token to file.
[save_tokens] Writing token to file:
[save_tokens] Finished writing token to file.
[save_tokens] Writing token to file:
[save_tokens] Finished writing token to file.
[save_tokens] Writing token to file:
[save_tokens] Finished writing token to file.
[save_tokens] Writing token to file:
[save_tokens] Finished writing token to file.
[save_tokens] Writing token to file:
[save_tokens] Finished writing token to file.
[save_tokens] Writing token to file:
[save_tokens] Finished writing token to file.
[save_tokens] Writing token to file:
[save_tokens] Finished writing token to file.
[save_tokens] Writing token to file:
[save_tokens] Finished writing token to file.
[save_tokens] Writing token to file:
[save_tokens] Finished writing token to file.
[save_tokens] Writing token to file:
[save_tokens] Finished writing token to file.
[save_tokens] Writing token to file:
[save_tokens] Finished writing token to file.
[save_tokens] Writing token to file:
[save_tokens] Finished writing token to file.
[save_tokens] Writing token to file:
[save_tokens] Finished writing token to file.
[save_tokens] Writing token to file:
[save_tokens] Finished writing token to file.
[save_tokens] Writing token to file:
[save_tokens] Finished writing token to file.
[save_tokens] Writing token to file:
[save_tokens] Finished writing token to file.
[save_tokens] Writing token to file:
[save_tokens] Finished writing token to file.
[save_tokens] Writing token to file:
[save_tokens] Finished writing token to file.
[save_tokens] Writing token to file:
[save_tokens] Finished writing token to file.
[save_tokens] Writing token to file:
[save_tokens] Finished writing token to file.
[save_tokens] Writing token to file:
[save_tokens] Finished writing token to file.
[save_tokens] Writing token to file:
[save_tokens] Finished writing token to file.
[save_tokens] Writing token to file:
[save_tokens] Finished writing token to file.
[save_tokens] Writing token to file:
[save_tokens] Finished writing token to file.
[save_tokens] Writing token to file:
[save_tokens] Finished writing token to file.
[save_tokens] Writing token to file:
[save_tokens] Finished writing token to file.
[save_tokens] Writing token to file:
[save_tokens] Finished writing token to file.
[save_tokens] Writing token to file:
[save_tokens] Finished writing token to file.
[save_tokens] Writing token to file:
[save_tokens] Finished writing token to file.
[save_tokens] Writing token to file:
[save_tokens] Finished writing token to file.
[save_tokens] Writing token to file:
[save_tokens] Finished writing token to file.
[save_tokens] Writing token to file:
[save_tokens] Finished writing token to file.
[save_tokens] Writing token to file:
[save_tokens] Finished writing token to file.
[save_tokens] Writing token to file:
[save_tokens] Finished writing token to file.
[save_tokens] Writing token to file:
[save_tokens] Finished writing token to file.
[save_tokens] Writing token to file:
[save_tokens] Finished writing token to file.
[save_tokens] Writing token to file:
[save_tokens] Finished writing token to file.
[save_tokens] Writing token to file:
[save_tokens] Finished writing token to file.
[save_tokens] Writing token to file:
[save_tokens] Finished writing token to file.
[save_tokens] Writing token to file:
[save_tokens] Finished writing token to file.
[save_tokens] Writing token to file:
[save_tokens] Finished writing token to file.
[save_tokens] Writing token to file:
[save_tokens] Finished writing token to file.
[save_tokens] Writing token to file:
[save_tokens] Finished writing token to file.
[save_tokens] Writing token to file:
[save_tokens] Finished writing token to file.
[save_tokens] Writing token to file:
[save_tokens] Finished writing token to file.
[save_tokens] Writing token to file:
[save_tokens] Finished writing token to file.
[save_tokens] Writing token to file:
[save_tokens] Finished writing token to file.
[save_tokens] Writing token to file:
[save_tokens] Finished writing token to file.
[save_tokens] Writing token to file:
[save_tokens] Finished writing token to file.
[save_tokens] Writing token to file:
[save_tokens] Finished writing token to file.
[save_tokens] Writing token to file:
[save_tokens] Finished writing token to file.
[save_tokens] Writing token to file:
[save_tokens] Finished writing token to file.
[save_tokens] Writing token to file:
[save_tokens] Finished writing token to file.
[save_tokens] Writing token to file:
[save_tokens] Finished writing token to file.
[save_tokens] Writing token to file:
[save_tokens] Finished writing token to file.
[save_tokens] Writing token to file:
[save_tokens] Finished writing token to file.
[save_tokens] Writing token to file:
[save_tokens] Finished writing token to file.
[save_tokens] Writing token to file:
[save_tokens] Finished writing token to file.
[save_tokens] Writing token to file:
[save_tokens] Finished writing token to file.
[save_tokens] Writing token to file:
[save_tokens] Finished writing token to file.
[save_tokens] Writing token to file:
[save_tokens] Finished writing token to file.
[save_tokens] Writing token to file:
[save_tokens] Finished writing token to file.
[save_tokens] Writing token to file:
[save_tokens] Finished writing token to file.
[save_tokens] Writing token to file:
[save_tokens] Finished writing token to file.
[save_tokens] Writing token to file:
[save_tokens] Finished writing token to file.
[save_tokens] Writing token to file:
[save_tokens] Finished writing token to file.
[save_tokens] Successfully closed the file.
Error occurred at 2024-08-31 20:37:22.: Failed to parse date string
